2026-01-06 12:50:45 INFO  [] [] org.springframework.test.context.support.AnnotationConfigContextLoaderUtils - Could not detect default configuration classes for test class [com.mtogo.financial_service.infrastructure.adapters.in.controllers.PaymentControllerTest]: PaymentControllerTest does not declare any static, non-private, non-final, nested classes annotated with @Configuration.
2026-01-06 12:50:45 INFO  [] [] org.springframework.boot.test.context.SpringBootTestContextBootstrapper - Found @SpringBootConfiguration com.mtogo.financial_service.FinancialServiceApplication for test class com.mtogo.financial_service.infrastructure.adapters.in.controllers.PaymentControllerTest
2026-01-06 12:50:46 INFO  [] [] com.mtogo.financial_service.infrastructure.adapters.in.controllers.PaymentControllerTest - Starting PaymentControllerTest using Java 17.0.17 with PID 33888 (started by natas in C:\Eksamen_softwarekvalitet\SD-Exam-Project-Gateway\financial-service)
2026-01-06 12:50:46 INFO  [] [] com.mtogo.financial_service.infrastructure.adapters.in.controllers.PaymentControllerTest - No active profile set, falling back to 1 default profile: "default"
2026-01-06 12:50:48 INFO  [] [] org.springframework.validation.beanvalidation.OptionalValidatorFactoryBean - Failed to set up a Bean Validation provider: jakarta.validation.NoProviderFoundException: Unable to create a Configuration, because no Jakarta Bean Validation provider could be found. Add a provider like Hibernate Validator (RI) to your classpath.
2026-01-06 12:50:48 INFO  [] [] org.springframework.security.config.annotation.authentication.configuration.InitializeUserDetailsBeanManagerConfigurer$InitializeUserDetailsManagerConfigurer - Global AuthenticationManager configured with UserDetailsService bean with name inMemoryUserDetailsManager
2026-01-06 12:50:49 INFO  [] [] org.springframework.boot.test.mock.web.SpringBootMockServletContext - Initializing Spring TestDispatcherServlet ''
2026-01-06 12:50:49 INFO  [] [] org.springframework.test.web.servlet.TestDispatcherServlet - Initializing Servlet ''
2026-01-06 12:50:49 INFO  [] [] org.springframework.test.web.servlet.TestDispatcherServlet - Completed initialization in 2 ms
2026-01-06 12:50:49 INFO  [] [] com.mtogo.financial_service.infrastructure.adapters.in.controllers.PaymentControllerTest - Started PaymentControllerTest in 3.408 seconds (process running for 10.566)
2026-01-06 12:50:50 INFO  [] [] org.testcontainers.dockerclient.DockerClientProviderStrategy - Loaded org.testcontainers.dockerclient.NpipeSocketClientProviderStrategy from ~/.testcontainers.properties, will try it first
2026-01-06 12:50:51 INFO  [] [] org.testcontainers.dockerclient.DockerClientProviderStrategy - Found Docker environment with local Npipe socket (npipe:////./pipe/docker_engine)
2026-01-06 12:50:51 INFO  [] [] org.testcontainers.DockerClientFactory - Docker host IP address is localhost
2026-01-06 12:50:51 INFO  [] [] org.testcontainers.DockerClientFactory - Connected to docker: 
  Server Version: 28.3.3
  API Version: 1.51
  Operating System: Docker Desktop
  Total Memory: 6851 MB
2026-01-06 12:50:51 INFO  [] [] org.testcontainers.images.PullPolicy - Image pull policy will be performed by: DefaultPullPolicy()
2026-01-06 12:50:51 INFO  [] [] org.testcontainers.utility.ImageNameSubstitutor - Image name substitution will be performed by: DefaultImageNameSubstitutor (composite of 'ConfigurationFileImageNameSubstitutor' and 'PrefixingImageNameSubstitutor')
2026-01-06 12:50:51 INFO  [] [] tc.testcontainers/ryuk:0.6.0 - Creating container for image: testcontainers/ryuk:0.6.0
2026-01-06 12:50:52 INFO  [] [] tc.testcontainers/ryuk:0.6.0 - Container testcontainers/ryuk:0.6.0 is starting: f8eb0c114a5705ebe6f9bb5e4c138753c140bb21a504c1d028ea99303d526c65
2026-01-06 12:50:52 INFO  [] [] tc.testcontainers/ryuk:0.6.0 - Container testcontainers/ryuk:0.6.0 started in PT1.085255S
2026-01-06 12:50:52 INFO  [] [] org.testcontainers.utility.RyukResourceReaper - Ryuk started - will monitor and terminate Testcontainers containers on JVM exit
2026-01-06 12:50:52 INFO  [] [] org.testcontainers.DockerClientFactory - Checking the system...
2026-01-06 12:50:52 INFO  [] [] org.testcontainers.DockerClientFactory - ?? Docker server version should be at least 1.6.0
2026-01-06 12:50:52 INFO  [] [] tc.postgres:15 - Creating container for image: postgres:15
2026-01-06 12:50:52 INFO  [] [] tc.postgres:15 - Container postgres:15 is starting: e847fb32ad7d016d8068985cea2fa26ec2cbe3f11507a7cbc088570c81399e8d
2026-01-06 12:50:55 INFO  [] [] tc.postgres:15 - Container postgres:15 started in PT2.7676353S
2026-01-06 12:50:55 INFO  [] [] tc.postgres:15 - Container is started (JDBC URL: jdbc:postgresql://localhost:51503/payment_test_db?loggerLevel=OFF)
2026-01-06 12:50:55 INFO  [] [] org.springframework.test.context.support.AnnotationConfigContextLoaderUtils - Could not detect default configuration classes for test class [com.mtogo.financial_service.infrastructure.adapters.out.persistence.PaymentRepositoryTest]: PaymentRepositoryTest does not declare any static, non-private, non-final, nested classes annotated with @Configuration.
2026-01-06 12:50:55 INFO  [] [] org.springframework.boot.test.context.SpringBootTestContextBootstrapper - Found @SpringBootConfiguration com.mtogo.financial_service.FinancialServiceApplication for test class com.mtogo.financial_service.infrastructure.adapters.out.persistence.PaymentRepositoryTest
2026-01-06 12:50:55 INFO  [] [] com.mtogo.financial_service.infrastructure.adapters.out.persistence.PaymentRepositoryTest - Starting PaymentRepositoryTest using Java 17.0.17 with PID 33888 (started by natas in C:\Eksamen_softwarekvalitet\SD-Exam-Project-Gateway\financial-service)
2026-01-06 12:50:55 INFO  [] [] com.mtogo.financial_service.infrastructure.adapters.out.persistence.PaymentRepositoryTest - No active profile set, falling back to 1 default profile: "default"
2026-01-06 12:50:55 INFO  [] [] org.springframework.data.repository.config.RepositoryConfigurationDelegate - Bootstrapping Spring Data JPA repositories in DEFAULT mode.
2026-01-06 12:50:56 INFO  [] [] org.springframework.data.repository.config.RepositoryConfigurationDelegate - Finished Spring Data repository scanning in 106 ms. Found 2 JPA repository interfaces.
2026-01-06 12:50:56 INFO  [] [] org.hibernate.jpa.internal.util.LogHelper - HHH000204: Processing PersistenceUnitInfo [name: default]
2026-01-06 12:50:56 INFO  [] [] org.hibernate.Version - HHH000412: Hibernate ORM core version 6.6.36.Final
2026-01-06 12:50:56 INFO  [] [] org.hibernate.cache.internal.RegionFactoryInitiator - HHH000026: Second-level cache disabled
2026-01-06 12:50:57 INFO  [] [] org.springframework.orm.jpa.persistenceunit.SpringPersistenceUnitInfo - No LoadTimeWeaver setup: ignoring JPA class transformer
2026-01-06 12:50:57 INFO  [] [] com.zaxxer.hikari.HikariDataSource - HikariPool-1 - Starting...
2026-01-06 12:50:57 INFO  [] [] com.zaxxer.hikari.pool.HikariPool - HikariPool-1 - Added connection org.postgresql.jdbc.PgConnection@33c7c26a
2026-01-06 12:50:57 INFO  [] [] com.zaxxer.hikari.HikariDataSource - HikariPool-1 - Start completed.
2026-01-06 12:50:57 INFO  [] [] org.hibernate.orm.connections.pooling - HHH10001005: Database info:
	Database JDBC URL [Connecting through datasource 'HikariDataSource (HikariPool-1)']
	Database driver: undefined/unknown
	Database version: 15.15
	Autocommit mode: undefined/unknown
	Isolation level: undefined/unknown
	Minimum pool size: undefined/unknown
	Maximum pool size: undefined/unknown
2026-01-06 12:50:59 INFO  [] [] org.hibernate.engine.transaction.jta.platform.internal.JtaPlatformInitiator - HHH000489: No JTA platform available (set 'hibernate.transaction.jta.platform' to enable JTA platform integration)
2026-01-06 12:50:59 INFO  [] [] org.springframework.orm.jpa.LocalContainerEntityManagerFactoryBean - Initialized JPA EntityManagerFactory for persistence unit 'default'
2026-01-06 12:51:00 INFO  [] [] com.mtogo.financial_service.infrastructure.adapters.out.persistence.PaymentRepositoryTest - Started PaymentRepositoryTest in 4.644 seconds (process running for 21.611)
2026-01-06 12:51:01 INFO  [] [] org.springframework.orm.jpa.LocalContainerEntityManagerFactoryBean - Closing JPA EntityManagerFactory for persistence unit 'default'
2026-01-06 12:51:01 INFO  [] [] com.zaxxer.hikari.HikariDataSource - HikariPool-1 - Shutdown initiated...
2026-01-06 12:51:01 INFO  [] [] com.zaxxer.hikari.HikariDataSource - HikariPool-1 - Shutdown completed.
2026-01-06 20:26:52 INFO  [] [] org.springframework.test.context.support.AnnotationConfigContextLoaderUtils - Could not detect default configuration classes for test class [com.mtogo.financial_service.infrastructure.adapters.in.controllers.PaymentControllerTest]: PaymentControllerTest does not declare any static, non-private, non-final, nested classes annotated with @Configuration.
2026-01-06 20:26:52 INFO  [] [] org.springframework.boot.test.context.SpringBootTestContextBootstrapper - Found @SpringBootConfiguration com.mtogo.financial_service.FinancialServiceApplication for test class com.mtogo.financial_service.infrastructure.adapters.in.controllers.PaymentControllerTest
2026-01-06 20:26:53 INFO  [] [] com.mtogo.financial_service.infrastructure.adapters.in.controllers.PaymentControllerTest - Starting PaymentControllerTest using Java 17.0.17 with PID 9348 (started by natas in C:\Eksamen_softwarekvalitet\SD-Exam-Project-Gateway\financial-service)
2026-01-06 20:26:53 INFO  [] [] com.mtogo.financial_service.infrastructure.adapters.in.controllers.PaymentControllerTest - No active profile set, falling back to 1 default profile: "default"
2026-01-06 20:26:54 INFO  [] [] org.springframework.validation.beanvalidation.OptionalValidatorFactoryBean - Failed to set up a Bean Validation provider: jakarta.validation.NoProviderFoundException: Unable to create a Configuration, because no Jakarta Bean Validation provider could be found. Add a provider like Hibernate Validator (RI) to your classpath.
2026-01-06 20:26:55 INFO  [] [] org.springframework.security.config.annotation.authentication.configuration.InitializeUserDetailsBeanManagerConfigurer$InitializeUserDetailsManagerConfigurer - Global AuthenticationManager configured with UserDetailsService bean with name inMemoryUserDetailsManager
2026-01-06 20:26:55 INFO  [] [] org.springframework.boot.test.mock.web.SpringBootMockServletContext - Initializing Spring TestDispatcherServlet ''
2026-01-06 20:26:55 INFO  [] [] org.springframework.test.web.servlet.TestDispatcherServlet - Initializing Servlet ''
2026-01-06 20:26:55 INFO  [] [] org.springframework.test.web.servlet.TestDispatcherServlet - Completed initialization in 2 ms
2026-01-06 20:26:55 INFO  [] [] com.mtogo.financial_service.infrastructure.adapters.in.controllers.PaymentControllerTest - Started PaymentControllerTest in 2.773 seconds (process running for 9.106)
2026-01-06 20:26:56 INFO  [] [] org.testcontainers.dockerclient.DockerClientProviderStrategy - Loaded org.testcontainers.dockerclient.NpipeSocketClientProviderStrategy from ~/.testcontainers.properties, will try it first
2026-01-06 20:26:57 INFO  [] [] org.testcontainers.dockerclient.DockerClientProviderStrategy - Found Docker environment with local Npipe socket (npipe:////./pipe/docker_engine)
2026-01-06 20:26:57 INFO  [] [] org.testcontainers.DockerClientFactory - Docker host IP address is localhost
2026-01-06 20:26:57 INFO  [] [] org.testcontainers.DockerClientFactory - Connected to docker: 
  Server Version: 28.3.3
  API Version: 1.51
  Operating System: Docker Desktop
  Total Memory: 6851 MB
2026-01-06 20:26:57 INFO  [] [] org.testcontainers.images.PullPolicy - Image pull policy will be performed by: DefaultPullPolicy()
2026-01-06 20:26:57 INFO  [] [] org.testcontainers.utility.ImageNameSubstitutor - Image name substitution will be performed by: DefaultImageNameSubstitutor (composite of 'ConfigurationFileImageNameSubstitutor' and 'PrefixingImageNameSubstitutor')
2026-01-06 20:26:57 INFO  [] [] tc.testcontainers/ryuk:0.6.0 - Pulling docker image: testcontainers/ryuk:0.6.0. Please be patient; this may take some time but only needs to be done once.
2026-01-06 20:26:59 INFO  [] [] tc.testcontainers/ryuk:0.6.0 - Starting to pull image
2026-01-06 20:26:59 INFO  [] [] tc.testcontainers/ryuk:0.6.0 - Pulling image layers:  0 pending,  0 downloaded,  0 extracted, (0 bytes/0 bytes)
2026-01-06 20:26:59 INFO  [] [] tc.testcontainers/ryuk:0.6.0 - Pulling image layers:  2 pending,  1 downloaded,  0 extracted, (0 bytes/? MB)
2026-01-06 20:27:00 INFO  [] [] tc.testcontainers/ryuk:0.6.0 - Pulling image layers:  1 pending,  2 downloaded,  0 extracted, (4 MB/? MB)
2026-01-06 20:27:00 INFO  [] [] tc.testcontainers/ryuk:0.6.0 - Pulling image layers:  0 pending,  3 downloaded,  0 extracted, (4 MB/6 MB)
2026-01-06 20:27:00 INFO  [] [] tc.testcontainers/ryuk:0.6.0 - Pulling image layers:  0 pending,  3 downloaded,  1 extracted, (4 MB/6 MB)
2026-01-06 20:27:01 INFO  [] [] tc.testcontainers/ryuk:0.6.0 - Pulling image layers:  0 pending,  3 downloaded,  2 extracted, (4 MB/6 MB)
2026-01-06 20:27:01 INFO  [] [] tc.testcontainers/ryuk:0.6.0 - Pulling image layers:  0 pending,  3 downloaded,  3 extracted, (4 MB/6 MB)
2026-01-06 20:27:01 INFO  [] [] tc.testcontainers/ryuk:0.6.0 - Image testcontainers/ryuk:0.6.0 pull took PT3.7636052S
2026-01-06 20:27:01 INFO  [] [] tc.testcontainers/ryuk:0.6.0 - Pull complete. 3 layers, pulled in 2s (downloaded 4 MB at 2 MB/s)
2026-01-06 20:27:01 INFO  [] [] tc.testcontainers/ryuk:0.6.0 - Creating container for image: testcontainers/ryuk:0.6.0
2026-01-06 20:27:01 INFO  [] [] tc.testcontainers/ryuk:0.6.0 - Container testcontainers/ryuk:0.6.0 is starting: 25294ea7ab26a509e54e58d141c9f11e69213140f08c102c8788cff2bde7fe1e
2026-01-06 20:27:02 INFO  [] [] tc.testcontainers/ryuk:0.6.0 - Container testcontainers/ryuk:0.6.0 started in PT0.8005837S
2026-01-06 20:27:02 INFO  [] [] org.testcontainers.utility.RyukResourceReaper - Ryuk started - will monitor and terminate Testcontainers containers on JVM exit
2026-01-06 20:27:02 INFO  [] [] org.testcontainers.DockerClientFactory - Checking the system...
2026-01-06 20:27:02 INFO  [] [] org.testcontainers.DockerClientFactory - ?? Docker server version should be at least 1.6.0
2026-01-06 20:27:02 INFO  [] [] tc.postgres:15 - Creating container for image: postgres:15
2026-01-06 20:27:02 INFO  [] [] tc.postgres:15 - Container postgres:15 is starting: 35068efb3a45204eeddd4d73b0f0b579304368dae39af42043237a77a58cbfbd
2026-01-06 20:27:04 INFO  [] [] tc.postgres:15 - Container postgres:15 started in PT2.2108073S
2026-01-06 20:27:04 INFO  [] [] tc.postgres:15 - Container is started (JDBC URL: jdbc:postgresql://localhost:64333/payment_test_db?loggerLevel=OFF)
2026-01-06 20:27:04 INFO  [] [] org.springframework.test.context.support.AnnotationConfigContextLoaderUtils - Could not detect default configuration classes for test class [com.mtogo.financial_service.infrastructure.adapters.out.persistence.PaymentRepositoryTest]: PaymentRepositoryTest does not declare any static, non-private, non-final, nested classes annotated with @Configuration.
2026-01-06 20:27:04 INFO  [] [] org.springframework.boot.test.context.SpringBootTestContextBootstrapper - Found @SpringBootConfiguration com.mtogo.financial_service.FinancialServiceApplication for test class com.mtogo.financial_service.infrastructure.adapters.out.persistence.PaymentRepositoryTest
2026-01-06 20:27:04 INFO  [] [] com.mtogo.financial_service.infrastructure.adapters.out.persistence.PaymentRepositoryTest - Starting PaymentRepositoryTest using Java 17.0.17 with PID 9348 (started by natas in C:\Eksamen_softwarekvalitet\SD-Exam-Project-Gateway\financial-service)
2026-01-06 20:27:04 INFO  [] [] com.mtogo.financial_service.infrastructure.adapters.out.persistence.PaymentRepositoryTest - No active profile set, falling back to 1 default profile: "default"
2026-01-06 20:27:04 INFO  [] [] org.springframework.data.repository.config.RepositoryConfigurationDelegate - Bootstrapping Spring Data JPA repositories in DEFAULT mode.
2026-01-06 20:27:04 INFO  [] [] org.springframework.data.repository.config.RepositoryConfigurationDelegate - Finished Spring Data repository scanning in 64 ms. Found 2 JPA repository interfaces.
2026-01-06 20:27:05 INFO  [] [] org.hibernate.jpa.internal.util.LogHelper - HHH000204: Processing PersistenceUnitInfo [name: default]
2026-01-06 20:27:05 INFO  [] [] org.hibernate.Version - HHH000412: Hibernate ORM core version 6.6.36.Final
2026-01-06 20:27:05 INFO  [] [] org.hibernate.cache.internal.RegionFactoryInitiator - HHH000026: Second-level cache disabled
2026-01-06 20:27:05 INFO  [] [] org.springframework.orm.jpa.persistenceunit.SpringPersistenceUnitInfo - No LoadTimeWeaver setup: ignoring JPA class transformer
2026-01-06 20:27:05 INFO  [] [] com.zaxxer.hikari.HikariDataSource - HikariPool-1 - Starting...
2026-01-06 20:27:05 INFO  [] [] com.zaxxer.hikari.pool.HikariPool - HikariPool-1 - Added connection org.postgresql.jdbc.PgConnection@50867236
2026-01-06 20:27:05 INFO  [] [] com.zaxxer.hikari.HikariDataSource - HikariPool-1 - Start completed.
2026-01-06 20:27:05 INFO  [] [] org.hibernate.orm.connections.pooling - HHH10001005: Database info:
	Database JDBC URL [Connecting through datasource 'HikariDataSource (HikariPool-1)']
	Database driver: undefined/unknown
	Database version: 15.15
	Autocommit mode: undefined/unknown
	Isolation level: undefined/unknown
	Minimum pool size: undefined/unknown
	Maximum pool size: undefined/unknown
2026-01-06 20:27:07 INFO  [] [] org.hibernate.engine.transaction.jta.platform.internal.JtaPlatformInitiator - HHH000489: No JTA platform available (set 'hibernate.transaction.jta.platform' to enable JTA platform integration)
2026-01-06 20:27:07 INFO  [] [] org.springframework.orm.jpa.LocalContainerEntityManagerFactoryBean - Initialized JPA EntityManagerFactory for persistence unit 'default'
2026-01-06 20:27:07 INFO  [] [] com.mtogo.financial_service.infrastructure.adapters.out.persistence.PaymentRepositoryTest - Started PaymentRepositoryTest in 3.239 seconds (process running for 21.144)
2026-01-06 20:27:08 INFO  [] [] org.springframework.orm.jpa.LocalContainerEntityManagerFactoryBean - Closing JPA EntityManagerFactory for persistence unit 'default'
2026-01-06 20:27:08 INFO  [] [] com.zaxxer.hikari.HikariDataSource - HikariPool-1 - Shutdown initiated...
2026-01-06 20:27:08 INFO  [] [] com.zaxxer.hikari.HikariDataSource - HikariPool-1 - Shutdown completed.
2026-01-06 21:44:23 INFO  [] [] org.springframework.test.context.support.AnnotationConfigContextLoaderUtils - Could not detect default configuration classes for test class [com.mtogo.financial_service.infrastructure.adapters.in.controllers.PaymentControllerTest]: PaymentControllerTest does not declare any static, non-private, non-final, nested classes annotated with @Configuration.
2026-01-06 21:44:24 INFO  [] [] org.springframework.boot.test.context.SpringBootTestContextBootstrapper - Found @SpringBootConfiguration com.mtogo.financial_service.FinancialServiceApplication for test class com.mtogo.financial_service.infrastructure.adapters.in.controllers.PaymentControllerTest
2026-01-06 21:44:24 INFO  [] [] com.mtogo.financial_service.infrastructure.adapters.in.controllers.PaymentControllerTest - Starting PaymentControllerTest using Java 17.0.17 with PID 18072 (started by natas in C:\Eksamen_softwarekvalitet\SD-Exam-Project-Gateway\financial-service)
2026-01-06 21:44:24 INFO  [] [] com.mtogo.financial_service.infrastructure.adapters.in.controllers.PaymentControllerTest - No active profile set, falling back to 1 default profile: "default"
2026-01-06 21:44:26 INFO  [] [] org.springframework.validation.beanvalidation.OptionalValidatorFactoryBean - Failed to set up a Bean Validation provider: jakarta.validation.NoProviderFoundException: Unable to create a Configuration, because no Jakarta Bean Validation provider could be found. Add a provider like Hibernate Validator (RI) to your classpath.
2026-01-06 21:44:26 INFO  [] [] org.springframework.security.config.annotation.authentication.configuration.InitializeUserDetailsBeanManagerConfigurer$InitializeUserDetailsManagerConfigurer - Global AuthenticationManager configured with UserDetailsService bean with name inMemoryUserDetailsManager
2026-01-06 21:44:26 INFO  [] [] org.springframework.boot.test.mock.web.SpringBootMockServletContext - Initializing Spring TestDispatcherServlet ''
2026-01-06 21:44:26 INFO  [] [] org.springframework.test.web.servlet.TestDispatcherServlet - Initializing Servlet ''
2026-01-06 21:44:26 INFO  [] [] org.springframework.test.web.servlet.TestDispatcherServlet - Completed initialization in 1 ms
2026-01-06 21:44:26 INFO  [] [] com.mtogo.financial_service.infrastructure.adapters.in.controllers.PaymentControllerTest - Started PaymentControllerTest in 2.585 seconds (process running for 7.927)
2026-01-06 21:44:27 INFO  [] [] org.testcontainers.dockerclient.DockerClientProviderStrategy - Loaded org.testcontainers.dockerclient.NpipeSocketClientProviderStrategy from ~/.testcontainers.properties, will try it first
2026-01-06 21:44:28 INFO  [] [] org.testcontainers.dockerclient.DockerClientProviderStrategy - Found Docker environment with local Npipe socket (npipe:////./pipe/docker_engine)
2026-01-06 21:44:28 INFO  [] [] org.testcontainers.DockerClientFactory - Docker host IP address is localhost
2026-01-06 21:44:28 INFO  [] [] org.testcontainers.DockerClientFactory - Connected to docker: 
  Server Version: 28.3.3
  API Version: 1.51
  Operating System: Docker Desktop
  Total Memory: 6851 MB
2026-01-06 21:44:28 INFO  [] [] org.testcontainers.images.PullPolicy - Image pull policy will be performed by: DefaultPullPolicy()
2026-01-06 21:44:28 INFO  [] [] org.testcontainers.utility.ImageNameSubstitutor - Image name substitution will be performed by: DefaultImageNameSubstitutor (composite of 'ConfigurationFileImageNameSubstitutor' and 'PrefixingImageNameSubstitutor')
2026-01-06 21:44:28 INFO  [] [] tc.testcontainers/ryuk:0.6.0 - Creating container for image: testcontainers/ryuk:0.6.0
2026-01-06 21:44:28 INFO  [] [] tc.testcontainers/ryuk:0.6.0 - Container testcontainers/ryuk:0.6.0 is starting: 83596852408ea402ef719415353223fcb098549036b7a1ec5f60042c567f68a8
2026-01-06 21:44:29 INFO  [] [] tc.testcontainers/ryuk:0.6.0 - Container testcontainers/ryuk:0.6.0 started in PT0.7563955S
2026-01-06 21:44:29 INFO  [] [] org.testcontainers.utility.RyukResourceReaper - Ryuk started - will monitor and terminate Testcontainers containers on JVM exit
2026-01-06 21:44:29 INFO  [] [] org.testcontainers.DockerClientFactory - Checking the system...
2026-01-06 21:44:29 INFO  [] [] org.testcontainers.DockerClientFactory - ?? Docker server version should be at least 1.6.0
2026-01-06 21:44:29 INFO  [] [] tc.postgres:15 - Creating container for image: postgres:15
2026-01-06 21:44:29 INFO  [] [] tc.postgres:15 - Container postgres:15 is starting: e7bffb86035877dba42ff5154bf30d4b10d152afe085ac9cfe42d1c348a78051
2026-01-06 21:44:31 INFO  [] [] tc.postgres:15 - Container postgres:15 started in PT2.1626953S
2026-01-06 21:44:31 INFO  [] [] tc.postgres:15 - Container is started (JDBC URL: jdbc:postgresql://localhost:49991/payment_test_db?loggerLevel=OFF)
2026-01-06 21:44:31 INFO  [] [] org.springframework.test.context.support.AnnotationConfigContextLoaderUtils - Could not detect default configuration classes for test class [com.mtogo.financial_service.infrastructure.adapters.out.persistence.PaymentRepositoryTest]: PaymentRepositoryTest does not declare any static, non-private, non-final, nested classes annotated with @Configuration.
2026-01-06 21:44:31 INFO  [] [] org.springframework.boot.test.context.SpringBootTestContextBootstrapper - Found @SpringBootConfiguration com.mtogo.financial_service.FinancialServiceApplication for test class com.mtogo.financial_service.infrastructure.adapters.out.persistence.PaymentRepositoryTest
2026-01-06 21:44:31 INFO  [] [] com.mtogo.financial_service.infrastructure.adapters.out.persistence.PaymentRepositoryTest - Starting PaymentRepositoryTest using Java 17.0.17 with PID 18072 (started by natas in C:\Eksamen_softwarekvalitet\SD-Exam-Project-Gateway\financial-service)
2026-01-06 21:44:31 INFO  [] [] com.mtogo.financial_service.infrastructure.adapters.out.persistence.PaymentRepositoryTest - No active profile set, falling back to 1 default profile: "default"
2026-01-06 21:44:31 INFO  [] [] org.springframework.data.repository.config.RepositoryConfigurationDelegate - Bootstrapping Spring Data JPA repositories in DEFAULT mode.
2026-01-06 21:44:31 INFO  [] [] org.springframework.data.repository.config.RepositoryConfigurationDelegate - Finished Spring Data repository scanning in 88 ms. Found 2 JPA repository interfaces.
2026-01-06 21:44:32 INFO  [] [] org.hibernate.jpa.internal.util.LogHelper - HHH000204: Processing PersistenceUnitInfo [name: default]
2026-01-06 21:44:32 INFO  [] [] org.hibernate.Version - HHH000412: Hibernate ORM core version 6.6.36.Final
2026-01-06 21:44:32 INFO  [] [] org.hibernate.cache.internal.RegionFactoryInitiator - HHH000026: Second-level cache disabled
2026-01-06 21:44:32 INFO  [] [] org.springframework.orm.jpa.persistenceunit.SpringPersistenceUnitInfo - No LoadTimeWeaver setup: ignoring JPA class transformer
2026-01-06 21:44:32 INFO  [] [] com.zaxxer.hikari.HikariDataSource - HikariPool-1 - Starting...
2026-01-06 21:44:32 INFO  [] [] com.zaxxer.hikari.pool.HikariPool - HikariPool-1 - Added connection org.postgresql.jdbc.PgConnection@64f5bb1b
2026-01-06 21:44:32 INFO  [] [] com.zaxxer.hikari.HikariDataSource - HikariPool-1 - Start completed.
2026-01-06 21:44:33 INFO  [] [] org.hibernate.orm.connections.pooling - HHH10001005: Database info:
	Database JDBC URL [Connecting through datasource 'HikariDataSource (HikariPool-1)']
	Database driver: undefined/unknown
	Database version: 15.15
	Autocommit mode: undefined/unknown
	Isolation level: undefined/unknown
	Minimum pool size: undefined/unknown
	Maximum pool size: undefined/unknown
2026-01-06 21:44:34 INFO  [] [] org.hibernate.engine.transaction.jta.platform.internal.JtaPlatformInitiator - HHH000489: No JTA platform available (set 'hibernate.transaction.jta.platform' to enable JTA platform integration)
2026-01-06 21:44:34 INFO  [] [] org.springframework.orm.jpa.LocalContainerEntityManagerFactoryBean - Initialized JPA EntityManagerFactory for persistence unit 'default'
2026-01-06 21:44:34 INFO  [] [] com.mtogo.financial_service.infrastructure.adapters.out.persistence.PaymentRepositoryTest - Started PaymentRepositoryTest in 3.143 seconds (process running for 15.723)
2026-01-06 21:44:35 INFO  [] [] org.springframework.orm.jpa.LocalContainerEntityManagerFactoryBean - Closing JPA EntityManagerFactory for persistence unit 'default'
2026-01-06 21:44:35 INFO  [] [] com.zaxxer.hikari.HikariDataSource - HikariPool-1 - Shutdown initiated...
2026-01-06 21:44:35 INFO  [] [] com.zaxxer.hikari.HikariDataSource - HikariPool-1 - Shutdown completed.
