2026-01-07 21:02:02 INFO  [] [] org.springframework.test.context.support.AnnotationConfigContextLoaderUtils - Could not detect default configuration classes for test class [com.mtogo.customer.CustomerServiceApplicationTests]: CustomerServiceApplicationTests does not declare any static, non-private, non-final, nested classes annotated with @Configuration.
2026-01-07 21:02:02 INFO  [] [] org.springframework.boot.test.context.SpringBootTestContextBootstrapper - Found @SpringBootConfiguration com.mtogo.customer.CustomerServiceApplication for test class com.mtogo.customer.CustomerServiceApplicationTests
2026-01-07 21:02:03 INFO  [] [] org.hibernate.validator.internal.util.Version - HV000001: Hibernate Validator 8.0.3.Final
2026-01-07 21:02:03 INFO  [] [] com.mtogo.customer.CustomerServiceApplicationTests - Starting CustomerServiceApplicationTests using Java 17.0.17 with PID 37316 (started by natas in C:\Eksamen_softwarekvalitet\SD-Exam-Project-Gateway\customer-service)
2026-01-07 21:02:03 INFO  [] [] com.mtogo.customer.CustomerServiceApplicationTests - The following 1 profile is active: "test"
2026-01-07 21:02:05 INFO  [] [] org.springframework.data.repository.config.RepositoryConfigurationDelegate - Bootstrapping Spring Data JPA repositories in DEFAULT mode.
2026-01-07 21:02:05 INFO  [] [] org.springframework.data.repository.config.RepositoryConfigurationDelegate - Finished Spring Data repository scanning in 127 ms. Found 1 JPA repository interface.
2026-01-07 21:02:06 INFO  [] [] org.springframework.boot.test.autoconfigure.jdbc.TestDatabaseAutoConfiguration$EmbeddedDataSourceBeanFactoryPostProcessor - Replacing 'dataSource' DataSource bean with embedded version
2026-01-07 21:02:07 INFO  [] [] org.springframework.jdbc.datasource.embedded.EmbeddedDatabaseFactory - Starting embedded database: url='jdbc:h2:mem:78cabd8a-7543-48a4-88f9-d507586491a2;DB_CLOSE_DELAY=-1;DB_CLOSE_ON_EXIT=false', username='sa'
2026-01-07 21:02:07 INFO  [] [] org.hibernate.jpa.internal.util.LogHelper - HHH000204: Processing PersistenceUnitInfo [name: default]
2026-01-07 21:02:08 INFO  [] [] org.hibernate.Version - HHH000412: Hibernate ORM core version 6.6.36.Final
2026-01-07 21:02:08 INFO  [] [] org.hibernate.cache.internal.RegionFactoryInitiator - HHH000026: Second-level cache disabled
2026-01-07 21:02:08 INFO  [] [] org.springframework.orm.jpa.persistenceunit.SpringPersistenceUnitInfo - No LoadTimeWeaver setup: ignoring JPA class transformer
2026-01-07 21:02:08 INFO  [] [] org.hibernate.orm.connections.pooling - HHH10001005: Database info:
	Database JDBC URL [Connecting through datasource 'org.springframework.jdbc.datasource.embedded.EmbeddedDatabaseFactory$EmbeddedDataSourceProxy@5d76140f']
	Database driver: undefined/unknown
	Database version: 2.3.232
	Autocommit mode: undefined/unknown
	Isolation level: undefined/unknown
	Minimum pool size: undefined/unknown
	Maximum pool size: undefined/unknown
2026-01-07 21:02:10 INFO  [] [] org.hibernate.engine.transaction.jta.platform.internal.JtaPlatformInitiator - HHH000489: No JTA platform available (set 'hibernate.transaction.jta.platform' to enable JTA platform integration)
2026-01-07 21:02:10 INFO  [] [] org.springframework.orm.jpa.LocalContainerEntityManagerFactoryBean - Initialized JPA EntityManagerFactory for persistence unit 'default'
2026-01-07 21:02:11 WARN  [] [] org.springframework.boot.autoconfigure.orm.jpa.JpaBaseConfiguration$JpaWebConfiguration - spring.jpa.open-in-view is enabled by default. Therefore, database queries may be performed during view rendering. Explicitly configure spring.jpa.open-in-view to disable this warning
2026-01-07 21:02:11 WARN  [] [] org.springframework.boot.autoconfigure.security.servlet.UserDetailsServiceAutoConfiguration - 

Using generated security password: 0640b63d-9dd4-48b9-9250-ed0340b171ab

This generated password is for development use only. Your security configuration must be updated before running your application in production.

2026-01-07 21:02:11 INFO  [] [] org.springframework.security.config.annotation.authentication.configuration.InitializeUserDetailsBeanManagerConfigurer$InitializeUserDetailsManagerConfigurer - Global AuthenticationManager configured with UserDetailsService bean with name inMemoryUserDetailsManager
2026-01-07 21:02:12 INFO  [] [] com.mtogo.customer.CustomerServiceApplicationTests - Started CustomerServiceApplicationTests in 9.685 seconds (process running for 16.458)
2026-01-07 21:02:12 INFO  [] [] org.springframework.test.context.support.AnnotationConfigContextLoaderUtils - Could not detect default configuration classes for test class [com.mtogo.customer.infrastructure.adapter.in.web.AuthControllerTest]: AuthControllerTest does not declare any static, non-private, non-final, nested classes annotated with @Configuration.
2026-01-07 21:02:12 INFO  [] [] org.springframework.boot.test.context.SpringBootTestContextBootstrapper - Found @SpringBootConfiguration com.mtogo.customer.CustomerServiceApplication for test class com.mtogo.customer.infrastructure.adapter.in.web.AuthControllerTest
2026-01-07 21:02:13 INFO  [] [] com.mtogo.customer.infrastructure.adapter.in.web.AuthControllerTest - Starting AuthControllerTest using Java 17.0.17 with PID 37316 (started by natas in C:\Eksamen_softwarekvalitet\SD-Exam-Project-Gateway\customer-service)
2026-01-07 21:02:13 INFO  [] [] com.mtogo.customer.infrastructure.adapter.in.web.AuthControllerTest - No active profile set, falling back to 1 default profile: "default"
2026-01-07 21:02:13 WARN  [] [] org.springframework.boot.autoconfigure.security.servlet.UserDetailsServiceAutoConfiguration - 

Using generated security password: 2d08b04e-fa93-4604-9457-cc180a4794c2

This generated password is for development use only. Your security configuration must be updated before running your application in production.

2026-01-07 21:02:13 INFO  [] [] org.springframework.security.config.annotation.authentication.configuration.InitializeUserDetailsBeanManagerConfigurer$InitializeUserDetailsManagerConfigurer - Global AuthenticationManager configured with UserDetailsService bean with name inMemoryUserDetailsManager
2026-01-07 21:02:13 INFO  [] [] org.springframework.boot.test.mock.web.SpringBootMockServletContext - Initializing Spring TestDispatcherServlet ''
2026-01-07 21:02:13 INFO  [] [] org.springframework.test.web.servlet.TestDispatcherServlet - Initializing Servlet ''
2026-01-07 21:02:13 INFO  [] [] org.springframework.test.web.servlet.TestDispatcherServlet - Completed initialization in 0 ms
2026-01-07 21:02:13 INFO  [] [] com.mtogo.customer.infrastructure.adapter.in.web.AuthControllerTest - Started AuthControllerTest in 0.678 seconds (process running for 17.342)
2026-01-07 21:02:14 INFO  [] [] org.springframework.test.context.support.AnnotationConfigContextLoaderUtils - Could not detect default configuration classes for test class [com.mtogo.customer.infrastructure.adapter.in.web.CustomerControllerTest]: CustomerControllerTest does not declare any static, non-private, non-final, nested classes annotated with @Configuration.
2026-01-07 21:02:14 INFO  [] [] org.springframework.boot.test.context.SpringBootTestContextBootstrapper - Found @SpringBootConfiguration com.mtogo.customer.CustomerServiceApplication for test class com.mtogo.customer.infrastructure.adapter.in.web.CustomerControllerTest
2026-01-07 21:02:14 INFO  [] [] com.mtogo.customer.infrastructure.adapter.in.web.CustomerControllerTest - Starting CustomerControllerTest using Java 17.0.17 with PID 37316 (started by natas in C:\Eksamen_softwarekvalitet\SD-Exam-Project-Gateway\customer-service)
2026-01-07 21:02:14 INFO  [] [] com.mtogo.customer.infrastructure.adapter.in.web.CustomerControllerTest - No active profile set, falling back to 1 default profile: "default"
2026-01-07 21:02:14 WARN  [] [] org.springframework.boot.autoconfigure.security.servlet.UserDetailsServiceAutoConfiguration - 

Using generated security password: 0e5ee061-238e-45eb-8c1b-19b9ed0b6681

This generated password is for development use only. Your security configuration must be updated before running your application in production.

2026-01-07 21:02:14 INFO  [] [] org.springframework.security.config.annotation.authentication.configuration.InitializeUserDetailsBeanManagerConfigurer$InitializeUserDetailsManagerConfigurer - Global AuthenticationManager configured with UserDetailsService bean with name inMemoryUserDetailsManager
2026-01-07 21:02:14 INFO  [] [] org.springframework.boot.test.mock.web.SpringBootMockServletContext - Initializing Spring TestDispatcherServlet ''
2026-01-07 21:02:14 INFO  [] [] org.springframework.test.web.servlet.TestDispatcherServlet - Initializing Servlet ''
2026-01-07 21:02:14 INFO  [] [] org.springframework.test.web.servlet.TestDispatcherServlet - Completed initialization in 1 ms
2026-01-07 21:02:14 INFO  [] [] com.mtogo.customer.infrastructure.adapter.in.web.CustomerControllerTest - Started CustomerControllerTest in 0.518 seconds (process running for 18.329)
2026-01-07 21:02:14 INFO  [] [] org.testcontainers.DockerClientFactory - Testcontainers version: 1.20.6
2026-01-07 21:02:15 INFO  [] [] org.testcontainers.dockerclient.DockerClientProviderStrategy - Loaded org.testcontainers.dockerclient.NpipeSocketClientProviderStrategy from ~/.testcontainers.properties, will try it first
2026-01-07 21:02:15 INFO  [] [] org.testcontainers.dockerclient.DockerClientProviderStrategy - Found Docker environment with local Npipe socket (npipe:////./pipe/docker_engine)
2026-01-07 21:02:15 INFO  [] [] org.testcontainers.DockerClientFactory - Docker host IP address is localhost
2026-01-07 21:02:15 INFO  [] [] org.testcontainers.DockerClientFactory - Connected to docker: 
  Server Version: 28.3.3
  API Version: 1.51
  Operating System: Docker Desktop
  Total Memory: 6851 MB
  Labels: 
    com.docker.desktop.address=npipe://\\.\pipe\docker_cli
2026-01-07 21:02:15 INFO  [] [] org.testcontainers.images.PullPolicy - Image pull policy will be performed by: DefaultPullPolicy()
2026-01-07 21:02:15 INFO  [] [] org.testcontainers.utility.ImageNameSubstitutor - Image name substitution will be performed by: DefaultImageNameSubstitutor (composite of 'ConfigurationFileImageNameSubstitutor' and 'PrefixingImageNameSubstitutor')
2026-01-07 21:02:16 INFO  [] [] tc.testcontainers/ryuk:0.11.0 - Creating container for image: testcontainers/ryuk:0.11.0
2026-01-07 21:02:16 INFO  [] [] tc.testcontainers/ryuk:0.11.0 - Container testcontainers/ryuk:0.11.0 is starting: e8ac9f5f755488241382c8d4fc70c4bf67f12b12560fc4a3543bbaeaef92f630
2026-01-07 21:02:17 INFO  [] [] tc.testcontainers/ryuk:0.11.0 - Container testcontainers/ryuk:0.11.0 started in PT1.0797825S
2026-01-07 21:02:17 INFO  [] [] org.testcontainers.utility.RyukResourceReaper - Ryuk started - will monitor and terminate Testcontainers containers on JVM exit
2026-01-07 21:02:17 INFO  [] [] org.testcontainers.DockerClientFactory - Checking the system...
2026-01-07 21:02:17 INFO  [] [] org.testcontainers.DockerClientFactory - ?? Docker server version should be at least 1.6.0
2026-01-07 21:02:17 INFO  [] [] tc.mysql:8.0 - Creating container for image: mysql:8.0
2026-01-07 21:02:17 INFO  [] [] tc.mysql:8.0 - Container mysql:8.0 is starting: c474214a800aa5e1fd903c2c7b827c23f5acf8d9fea69bbd500a137e57a14696
2026-01-07 21:02:18 INFO  [] [] tc.mysql:8.0 - Waiting for database connection to become available at jdbc:mysql://localhost:57439/customer_test using query 'SELECT 1'
2026-01-07 21:02:33 INFO  [] [] tc.mysql:8.0 - Container mysql:8.0 started in PT15.7810186S
2026-01-07 21:02:33 INFO  [] [] tc.mysql:8.0 - Container is started (JDBC URL: jdbc:mysql://localhost:57439/customer_test)
2026-01-07 21:02:33 INFO  [] [] org.springframework.test.context.support.AnnotationConfigContextLoaderUtils - Could not detect default configuration classes for test class [com.mtogo.customer.infrastructure.adapter.out.persistence.CustomerRepositoryMysqlContainerTest]: CustomerRepositoryMysqlContainerTest does not declare any static, non-private, non-final, nested classes annotated with @Configuration.
2026-01-07 21:02:33 INFO  [] [] org.springframework.boot.test.context.SpringBootTestContextBootstrapper - Found @SpringBootConfiguration com.mtogo.customer.CustomerServiceApplication for test class com.mtogo.customer.infrastructure.adapter.out.persistence.CustomerRepositoryMysqlContainerTest
2026-01-07 21:02:33 INFO  [] [] com.mtogo.customer.infrastructure.adapter.out.persistence.CustomerRepositoryMysqlContainerTest - Starting CustomerRepositoryMysqlContainerTest using Java 17.0.17 with PID 37316 (started by natas in C:\Eksamen_softwarekvalitet\SD-Exam-Project-Gateway\customer-service)
2026-01-07 21:02:33 INFO  [] [] com.mtogo.customer.infrastructure.adapter.out.persistence.CustomerRepositoryMysqlContainerTest - No active profile set, falling back to 1 default profile: "default"
2026-01-07 21:02:33 INFO  [] [] org.springframework.data.repository.config.RepositoryConfigurationDelegate - Bootstrapping Spring Data JPA repositories in DEFAULT mode.
2026-01-07 21:02:33 INFO  [] [] org.springframework.data.repository.config.RepositoryConfigurationDelegate - Finished Spring Data repository scanning in 53 ms. Found 1 JPA repository interface.
2026-01-07 21:02:33 INFO  [] [] org.hibernate.jpa.internal.util.LogHelper - HHH000204: Processing PersistenceUnitInfo [name: default]
2026-01-07 21:02:33 INFO  [] [] org.hibernate.cache.internal.RegionFactoryInitiator - HHH000026: Second-level cache disabled
2026-01-07 21:02:33 INFO  [] [] org.springframework.orm.jpa.persistenceunit.SpringPersistenceUnitInfo - No LoadTimeWeaver setup: ignoring JPA class transformer
2026-01-07 21:02:33 INFO  [] [] com.zaxxer.hikari.HikariDataSource - HikariPool-1 - Starting...
2026-01-07 21:02:33 INFO  [] [] com.zaxxer.hikari.pool.HikariPool - HikariPool-1 - Added connection com.mysql.cj.jdbc.ConnectionImpl@73aeefc6
2026-01-07 21:02:33 INFO  [] [] com.zaxxer.hikari.HikariDataSource - HikariPool-1 - Start completed.
2026-01-07 21:02:33 INFO  [] [] org.hibernate.orm.connections.pooling - HHH10001005: Database info:
	Database JDBC URL [Connecting through datasource 'HikariDataSource (HikariPool-1)']
	Database driver: undefined/unknown
	Database version: 8.0.44
	Autocommit mode: undefined/unknown
	Isolation level: undefined/unknown
	Minimum pool size: undefined/unknown
	Maximum pool size: undefined/unknown
2026-01-07 21:02:33 INFO  [] [] org.hibernate.engine.transaction.jta.platform.internal.JtaPlatformInitiator - HHH000489: No JTA platform available (set 'hibernate.transaction.jta.platform' to enable JTA platform integration)
2026-01-07 21:02:34 INFO  [] [] org.springframework.orm.jpa.LocalContainerEntityManagerFactoryBean - Initialized JPA EntityManagerFactory for persistence unit 'default'
2026-01-07 21:02:34 INFO  [] [] com.mtogo.customer.infrastructure.adapter.out.persistence.CustomerRepositoryMysqlContainerTest - Started CustomerRepositoryMysqlContainerTest in 1.422 seconds (process running for 38.197)
2026-01-07 21:02:35 INFO  [] [] org.springframework.test.context.support.AnnotationConfigContextLoaderUtils - Could not detect default configuration classes for test class [com.mtogo.customer.infrastructure.adapter.out.persistence.CustomerRepositoryTest]: CustomerRepositoryTest does not declare any static, non-private, non-final, nested classes annotated with @Configuration.
2026-01-07 21:02:35 INFO  [] [] org.springframework.boot.test.context.SpringBootTestContextBootstrapper - Found @SpringBootConfiguration com.mtogo.customer.CustomerServiceApplication for test class com.mtogo.customer.infrastructure.adapter.out.persistence.CustomerRepositoryTest
2026-01-07 21:02:35 INFO  [] [] com.mtogo.customer.infrastructure.adapter.out.persistence.CustomerRepositoryTest - Starting CustomerRepositoryTest using Java 17.0.17 with PID 37316 (started by natas in C:\Eksamen_softwarekvalitet\SD-Exam-Project-Gateway\customer-service)
2026-01-07 21:02:35 INFO  [] [] com.mtogo.customer.infrastructure.adapter.out.persistence.CustomerRepositoryTest - No active profile set, falling back to 1 default profile: "default"
2026-01-07 21:02:35 INFO  [] [] org.springframework.data.repository.config.RepositoryConfigurationDelegate - Bootstrapping Spring Data JPA repositories in DEFAULT mode.
2026-01-07 21:02:35 INFO  [] [] org.springframework.data.repository.config.RepositoryConfigurationDelegate - Finished Spring Data repository scanning in 31 ms. Found 1 JPA repository interface.
2026-01-07 21:02:35 INFO  [] [] org.springframework.boot.test.autoconfigure.jdbc.TestDatabaseAutoConfiguration$EmbeddedDataSourceBeanFactoryPostProcessor - Replacing 'dataSource' DataSource bean with embedded version
2026-01-07 21:02:35 INFO  [] [] org.springframework.jdbc.datasource.embedded.EmbeddedDatabaseFactory - Starting embedded database: url='jdbc:h2:mem:2f149140-7fba-4530-92b5-61f8cef2a9d5;DB_CLOSE_DELAY=-1;DB_CLOSE_ON_EXIT=false', username='sa'
2026-01-07 21:02:35 INFO  [] [] org.hibernate.jpa.internal.util.LogHelper - HHH000204: Processing PersistenceUnitInfo [name: default]
2026-01-07 21:02:35 INFO  [] [] org.hibernate.cache.internal.RegionFactoryInitiator - HHH000026: Second-level cache disabled
2026-01-07 21:02:35 INFO  [] [] org.springframework.orm.jpa.persistenceunit.SpringPersistenceUnitInfo - No LoadTimeWeaver setup: ignoring JPA class transformer
2026-01-07 21:02:35 INFO  [] [] org.hibernate.orm.connections.pooling - HHH10001005: Database info:
	Database JDBC URL [Connecting through datasource 'org.springframework.jdbc.datasource.embedded.EmbeddedDatabaseFactory$EmbeddedDataSourceProxy@4c788143']
	Database driver: undefined/unknown
	Database version: 2.3.232
	Autocommit mode: undefined/unknown
	Isolation level: undefined/unknown
	Minimum pool size: undefined/unknown
	Maximum pool size: undefined/unknown
2026-01-07 21:02:35 INFO  [] [] org.hibernate.engine.transaction.jta.platform.internal.JtaPlatformInitiator - HHH000489: No JTA platform available (set 'hibernate.transaction.jta.platform' to enable JTA platform integration)
2026-01-07 21:02:35 INFO  [] [] org.springframework.orm.jpa.LocalContainerEntityManagerFactoryBean - Initialized JPA EntityManagerFactory for persistence unit 'default'
2026-01-07 21:02:35 INFO  [] [] com.mtogo.customer.infrastructure.adapter.out.persistence.CustomerRepositoryTest - Started CustomerRepositoryTest in 0.432 seconds (process running for 39.584)
2026-01-07 21:02:36 INFO  [] [] org.springframework.test.context.support.AnnotationConfigContextLoaderUtils - Could not detect default configuration classes for test class [com.mtogo.customer.infrastructure.config.SecurityConfigTest]: SecurityConfigTest does not declare any static, non-private, non-final, nested classes annotated with @Configuration.
2026-01-07 21:02:36 INFO  [] [] org.springframework.boot.test.context.SpringBootTestContextBootstrapper - Found @SpringBootConfiguration com.mtogo.customer.CustomerServiceApplication for test class com.mtogo.customer.infrastructure.config.SecurityConfigTest
2026-01-07 21:02:36 INFO  [] [] com.mtogo.customer.infrastructure.config.SecurityConfigTest - Starting SecurityConfigTest using Java 17.0.17 with PID 37316 (started by natas in C:\Eksamen_softwarekvalitet\SD-Exam-Project-Gateway\customer-service)
2026-01-07 21:02:36 INFO  [] [] com.mtogo.customer.infrastructure.config.SecurityConfigTest - No active profile set, falling back to 1 default profile: "default"
2026-01-07 21:02:36 WARN  [] [] org.springframework.boot.autoconfigure.security.servlet.UserDetailsServiceAutoConfiguration - 

Using generated security password: efe5e3ae-f540-4204-877f-2431a95ea319

This generated password is for development use only. Your security configuration must be updated before running your application in production.

2026-01-07 21:02:36 INFO  [] [] org.springframework.security.config.annotation.authentication.configuration.InitializeUserDetailsBeanManagerConfigurer$InitializeUserDetailsManagerConfigurer - Global AuthenticationManager configured with UserDetailsService bean with name inMemoryUserDetailsManager
2026-01-07 21:02:36 INFO  [] [] org.springframework.boot.test.mock.web.SpringBootMockServletContext - Initializing Spring TestDispatcherServlet ''
2026-01-07 21:02:36 INFO  [] [] org.springframework.test.web.servlet.TestDispatcherServlet - Initializing Servlet ''
2026-01-07 21:02:36 INFO  [] [] org.springframework.test.web.servlet.TestDispatcherServlet - Completed initialization in 1 ms
2026-01-07 21:02:36 INFO  [] [] com.mtogo.customer.infrastructure.config.SecurityConfigTest - Started SecurityConfigTest in 0.289 seconds (process running for 40.139)
2026-01-07 21:02:36 INFO  [] [] org.springframework.orm.jpa.LocalContainerEntityManagerFactoryBean - Closing JPA EntityManagerFactory for persistence unit 'default'
2026-01-07 21:02:36 INFO  [] [] org.springframework.orm.jpa.LocalContainerEntityManagerFactoryBean - Closing JPA EntityManagerFactory for persistence unit 'default'
2026-01-07 21:02:36 INFO  [] [] com.zaxxer.hikari.HikariDataSource - HikariPool-1 - Shutdown initiated...
2026-01-07 21:02:36 INFO  [] [] com.zaxxer.hikari.HikariDataSource - HikariPool-1 - Shutdown completed.
2026-01-07 21:02:36 INFO  [] [] org.springframework.orm.jpa.LocalContainerEntityManagerFactoryBean - Closing JPA EntityManagerFactory for persistence unit 'default'
